[ Warning ] Starting in debug mode
[ Info ] Loading main map
[ Info ] Constructor class: RENDERER
[ Info ] Add sprite:NEW_GAME
[ Info ] Add sprite:PLAYER_RUN
[ Info ] Add sprite:PLAYER_STAND
[ Info ] Add sprite:PLAYER_FLY
[ Info ] Add sprite:COUNTING
[ Info ] Add sprite:LIVE_BAR
[ Info ] Add sprite:MAP_0
[ Info ] Add sprite:MAP_1
[ Info ] Add sprite:MAP_2
[ Info ] Add sprite:MAP_3
[ Info ] Add sprite:MAP_4
[ Info ] Add sprite:MAP_5
[ Info ] Add sprite:MAP_6
[ Info ] Add sprite:MAP_7
[ Info ] Add sprite:MAP_8
[ Info ] Add sprite:MAP_9
[ Info ] Add sprite:MAP_10
[ Info ] Add sprite:MAP_11
[ Info ] Add sprite:MAP_12
[ Info ] Add sprite:MAP_13
[ Info ] Add sprite:MAP_14
[ Info ] Add sprite:MAP_15
[ Info ] Add sprite:MAP_16
[ Info ] Add sprite:MAP_17
[ Info ] Add sprite:MAP_18
[ Info ] Add sprite:MAP_19
[ Info ] Add sprite:MAP_20
[ Info ] Add sprite:MAP_21
[ Info ] Add sprite:MAP_22
[ Info ] Add sprite:MAP_23
[ Info ] Add sprite:MAP_24
[ Info ] Add sprite:MAP_25
[ Info ] Add sprite:MAP_26
[ Info ] Add sprite:MAP_27
[ Info ] Add sprite:MAP_28
[ Info ] Add sprite:MAP_29
[ Info ] Add sprite:MAP_30
[ Info ] Add sprite:MAP_31
[ Info ] Add sprite:MAP_32
[ Info ] Add sprite:MAP_33
[ Info ] Add sprite:MAP_34
[ Info ] Add sprite:MAP_35
[ Info ] Add sprite:MAP_36
[ Info ] Add sprite:MAP_37
[ Info ] Add sprite:MAP_38
[ Info ] Loading resource is finish
[ Info ] Constructor class: PLAYER
[ Info ] Constructor class: MapManager
[ Info ] Constructor class: PLAY
[ Info ] Starting game is finished
[ Info ] Play: Creating New Game
[ Info ] Highscore colision
[ Info ] Highscore colision
[ Info ] Highscore colision
[ Info ] Highscore colision
[ Info ] Highscore colision
[ Info ] Highscore colision
[ Info ] Highscore colision
[ Info ] Highscore colision
[ Info ] Highscore colision
[ Info ] Highscore colision
[ Info ] Highscore colision
[ Info ] Highscore colision
[ Info ] Highscore colision
[ Info ] Highscore colision
[ Info ] Highscore colision
[ Info ] Highscore colision
[ Info ] ESC pressed
[ Info ] Play: Creating New Game
[ Info ] Highscore colision
[ Info ] Highscore colision
[ Info ] Highscore colision
[ Info ] Highscore colision
[ Info ] Highscore colision
[ Info ] Highscore colision
[ Info ] Highscore colision
[ Info ] Highscore colision
[ Info ] Highscore colision
[ Info ] Highscore colision
[ Info ] Highscore colision
[ Info ] Highscore colision
[ Info ] Highscore colision
[ Info ] Highscore colision
[ Info ] Highscore colision
[ Info ] Highscore colision
[ Info ] ESC pressed
[ Info ] ESC pressed
[ Info ] Game ending normaly
